<?xml version="1.0" encoding="UTF-8"?>
<testng-results ignored="0" total="4" passed="2" failed="2" skipped="0">
  <reporter-output>
  </reporter-output>
  <suite started-at="2025-02-26T16:07:18 IST" name="Suite" finished-at="2025-02-26T16:07:50 IST" duration-ms="31862">
    <groups>
    </groups>
    <test started-at="2025-02-26T16:07:18 IST" name="Test Gmail with FireFox" finished-at="2025-02-26T16:07:44 IST" duration-ms="26077">
      <class name="tests.TestGmail">
        <test-method is-config="true" signature="setup(java.lang.String)[pri:0, instance:tests.TestGmail@1f2f9244]" started-at="2025-02-26T16:07:18 IST" name="setup" finished-at="2025-02-26T16:07:31 IST" duration-ms="12881" status="PASS">
          <params>
            <param index="0">
              <value>
                <![CDATA[Scenario4]]>
              </value>
            </param>
          </params>
          <reporter-output>
          </reporter-output>
        </test-method> <!-- setup -->
        <test-method signature="testGmail()[pri:0, instance:tests.TestGmail@1f2f9244]" started-at="2025-02-26T16:07:31 IST" name="testGmail" finished-at="2025-02-26T16:07:42 IST" duration-ms="11049" status="FAIL">
          <exception class="java.lang.AssertionError">
            <message>
              <![CDATA[expected [Google] but found [Gmail]]]>
            </message>
            <full-stacktrace>
              <![CDATA[java.lang.AssertionError: expected [Google] but found [Gmail]
at org.testng.Assert.fail(Assert.java:99)
at org.testng.Assert.failNotEquals(Assert.java:1037)
at org.testng.Assert.assertEqualsImpl(Assert.java:140)
at org.testng.Assert.assertEquals(Assert.java:122)
at org.testng.Assert.assertEquals(Assert.java:629)
at org.testng.Assert.assertEquals(Assert.java:639)
at tests.TestGmail.testGmail(TestGmail.java:33)
at java.base/jdk.internal.reflect.NativeMethodAccessorImpl.invoke0(Native Method)
at java.base/jdk.internal.reflect.NativeMethodAccessorImpl.invoke(NativeMethodAccessorImpl.java:77)
at java.base/jdk.internal.reflect.DelegatingMethodAccessorImpl.invoke(DelegatingMethodAccessorImpl.java:43)
at java.base/java.lang.reflect.Method.invoke(Method.java:568)
at org.testng.internal.MethodInvocationHelper.invokeMethod(MethodInvocationHelper.java:133)
at org.testng.internal.TestInvoker.invokeMethod(TestInvoker.java:598)
at org.testng.internal.TestInvoker.invokeTestMethod(TestInvoker.java:173)
at org.testng.internal.MethodRunner.runInSequence(MethodRunner.java:46)
at org.testng.internal.TestInvoker$MethodInvocationAgent.invoke(TestInvoker.java:824)
at org.testng.internal.TestInvoker.invokeTestMethods(TestInvoker.java:146)
at org.testng.internal.TestMethodWorker.invokeTestMethods(TestMethodWorker.java:146)
at org.testng.internal.TestMethodWorker.run(TestMethodWorker.java:128)
at java.base/java.util.ArrayList.forEach(ArrayList.java:1511)
at org.testng.TestRunner.privateRun(TestRunner.java:794)
at org.testng.TestRunner.run(TestRunner.java:596)
at org.testng.SuiteRunner.runTest(SuiteRunner.java:377)
at org.testng.SuiteRunner.access$000(SuiteRunner.java:28)
at org.testng.SuiteRunner$SuiteWorker.run(SuiteRunner.java:418)
at org.testng.internal.thread.ThreadUtil.lambda$execute$0(ThreadUtil.java:64)
at java.base/java.util.concurrent.FutureTask.run(FutureTask.java:264)
at java.base/java.util.concurrent.ThreadPoolExecutor.runWorker(ThreadPoolExecutor.java:1136)
at java.base/java.util.concurrent.ThreadPoolExecutor$Worker.run(ThreadPoolExecutor.java:635)
at java.base/java.lang.Thread.run(Thread.java:833)
]]>
            </full-stacktrace>
          </exception> <!-- java.lang.AssertionError -->
          <reporter-output>
          </reporter-output>
        </test-method> <!-- testGmail -->
        <test-method is-config="true" signature="teardown()[pri:0, instance:tests.TestGmail@1f2f9244]" started-at="2025-02-26T16:07:42 IST" name="teardown" finished-at="2025-02-26T16:07:44 IST" duration-ms="1947" status="PASS">
          <reporter-output>
          </reporter-output>
        </test-method> <!-- teardown -->
      </class> <!-- tests.TestGmail -->
    </test> <!-- Test Gmail with FireFox -->
    <test started-at="2025-02-26T16:07:18 IST" name="Test Gmail with Chrome" finished-at="2025-02-26T16:07:44 IST" duration-ms="26327">
      <class name="tests.TestGmail">
        <test-method is-config="true" signature="setup(java.lang.String)[pri:0, instance:tests.TestGmail@b78a709]" started-at="2025-02-26T16:07:18 IST" name="setup" finished-at="2025-02-26T16:07:22 IST" duration-ms="3860" status="PASS">
          <params>
            <param index="0">
              <value>
                <![CDATA[Scenario2]]>
              </value>
            </param>
          </params>
          <reporter-output>
          </reporter-output>
        </test-method> <!-- setup -->
        <test-method signature="testGmail()[pri:0, instance:tests.TestGmail@b78a709]" started-at="2025-02-26T16:07:22 IST" name="testGmail" finished-at="2025-02-26T16:07:43 IST" duration-ms="21322" status="FAIL">
          <exception class="java.lang.AssertionError">
            <message>
              <![CDATA[expected [Google] but found [Gmail]]]>
            </message>
            <full-stacktrace>
              <![CDATA[java.lang.AssertionError: expected [Google] but found [Gmail]
at org.testng.Assert.fail(Assert.java:99)
at org.testng.Assert.failNotEquals(Assert.java:1037)
at org.testng.Assert.assertEqualsImpl(Assert.java:140)
at org.testng.Assert.assertEquals(Assert.java:122)
at org.testng.Assert.assertEquals(Assert.java:629)
at org.testng.Assert.assertEquals(Assert.java:639)
at tests.TestGmail.testGmail(TestGmail.java:33)
at java.base/jdk.internal.reflect.NativeMethodAccessorImpl.invoke0(Native Method)
at java.base/jdk.internal.reflect.NativeMethodAccessorImpl.invoke(NativeMethodAccessorImpl.java:77)
at java.base/jdk.internal.reflect.DelegatingMethodAccessorImpl.invoke(DelegatingMethodAccessorImpl.java:43)
at java.base/java.lang.reflect.Method.invoke(Method.java:568)
at org.testng.internal.MethodInvocationHelper.invokeMethod(MethodInvocationHelper.java:133)
at org.testng.internal.TestInvoker.invokeMethod(TestInvoker.java:598)
at org.testng.internal.TestInvoker.invokeTestMethod(TestInvoker.java:173)
at org.testng.internal.MethodRunner.runInSequence(MethodRunner.java:46)
at org.testng.internal.TestInvoker$MethodInvocationAgent.invoke(TestInvoker.java:824)
at org.testng.internal.TestInvoker.invokeTestMethods(TestInvoker.java:146)
at org.testng.internal.TestMethodWorker.invokeTestMethods(TestMethodWorker.java:146)
at org.testng.internal.TestMethodWorker.run(TestMethodWorker.java:128)
at java.base/java.util.ArrayList.forEach(ArrayList.java:1511)
at org.testng.TestRunner.privateRun(TestRunner.java:794)
at org.testng.TestRunner.run(TestRunner.java:596)
at org.testng.SuiteRunner.runTest(SuiteRunner.java:377)
at org.testng.SuiteRunner.access$000(SuiteRunner.java:28)
at org.testng.SuiteRunner$SuiteWorker.run(SuiteRunner.java:418)
at org.testng.internal.thread.ThreadUtil.lambda$execute$0(ThreadUtil.java:64)
at java.base/java.util.concurrent.FutureTask.run(FutureTask.java:264)
at java.base/java.util.concurrent.ThreadPoolExecutor.runWorker(ThreadPoolExecutor.java:1136)
at java.base/java.util.concurrent.ThreadPoolExecutor$Worker.run(ThreadPoolExecutor.java:635)
at java.base/java.lang.Thread.run(Thread.java:833)
]]>
            </full-stacktrace>
          </exception> <!-- java.lang.AssertionError -->
          <reporter-output>
          </reporter-output>
        </test-method> <!-- testGmail -->
        <test-method is-config="true" signature="teardown()[pri:0, instance:tests.TestGmail@b78a709]" started-at="2025-02-26T16:07:44 IST" name="teardown" finished-at="2025-02-26T16:07:44 IST" duration-ms="840" status="PASS">
          <reporter-output>
          </reporter-output>
        </test-method> <!-- teardown -->
      </class> <!-- tests.TestGmail -->
    </test> <!-- Test Gmail with Chrome -->
    <test started-at="2025-02-26T16:07:18 IST" name="Test Google with Chrome" finished-at="2025-02-26T16:07:50 IST" duration-ms="31810">
      <class name="tests.TestGoogle">
        <test-method is-config="true" signature="setup(java.lang.String)[pri:0, instance:tests.TestGoogle@3542162a]" started-at="2025-02-26T16:07:18 IST" name="setup" finished-at="2025-02-26T16:07:22 IST" duration-ms="3860" status="PASS">
          <params>
            <param index="0">
              <value>
                <![CDATA[Scenario1]]>
              </value>
            </param>
          </params>
          <reporter-output>
          </reporter-output>
        </test-method> <!-- setup -->
        <test-method signature="testGoogle()[pri:0, instance:tests.TestGoogle@3542162a]" started-at="2025-02-26T16:07:22 IST" name="testGoogle" finished-at="2025-02-26T16:07:49 IST" duration-ms="27461" status="PASS">
          <reporter-output>
          </reporter-output>
        </test-method> <!-- testGoogle -->
        <test-method is-config="true" signature="teardown()[pri:0, instance:tests.TestGoogle@3542162a]" started-at="2025-02-26T16:07:49 IST" name="teardown" finished-at="2025-02-26T16:07:50 IST" duration-ms="452" status="PASS">
          <reporter-output>
          </reporter-output>
        </test-method> <!-- teardown -->
      </class> <!-- tests.TestGoogle -->
    </test> <!-- Test Google with Chrome -->
    <test started-at="2025-02-26T16:07:18 IST" name="Test Google with Edge" finished-at="2025-02-26T16:07:50 IST" duration-ms="31862">
      <class name="tests.TestGoogle">
        <test-method is-config="true" signature="setup(java.lang.String)[pri:0, instance:tests.TestGoogle@cb191ca]" started-at="2025-02-26T16:07:18 IST" name="setup" finished-at="2025-02-26T16:07:23 IST" duration-ms="4919" status="PASS">
          <params>
            <param index="0">
              <value>
                <![CDATA[Scenario3]]>
              </value>
            </param>
          </params>
          <reporter-output>
          </reporter-output>
        </test-method> <!-- setup -->
        <test-method signature="testGoogle()[pri:0, instance:tests.TestGoogle@cb191ca]" started-at="2025-02-26T16:07:23 IST" name="testGoogle" finished-at="2025-02-26T16:07:48 IST" duration-ms="25358" status="PASS">
          <reporter-output>
          </reporter-output>
        </test-method> <!-- testGoogle -->
        <test-method is-config="true" signature="teardown()[pri:0, instance:tests.TestGoogle@cb191ca]" started-at="2025-02-26T16:07:48 IST" name="teardown" finished-at="2025-02-26T16:07:50 IST" duration-ms="1550" status="PASS">
          <reporter-output>
          </reporter-output>
        </test-method> <!-- teardown -->
      </class> <!-- tests.TestGoogle -->
    </test> <!-- Test Google with Edge -->
  </suite> <!-- Suite -->
</testng-results>
